[1711月2024 13:10:16.677] [main/INFO] [cpw.mods.modlauncher.Launcher/MODLAUNCHER]: ModLauncher running: args [--launchTarget, forgeclientuserdev, --version, 21.0.164, --assetIndex, asset-index, --assetsDir, E:\.gradle\caches\minecraft\assets, --gameDir, ., --fml.neoForgeVersion, 21.0.164, --fml.fmlVersion, 4.0.23, --fml.mcVersion, 1.21, --fml.neoFormVersion, 20240613.152323]
[1711月2024 13:10:16.680] [main/INFO] [cpw.mods.modlauncher.Launcher/MODLAUNCHER]: JVM identified as Oracle Corporation OpenJDK 64-Bit Server VM 21.0.2+13-58
[1711月2024 13:10:16.682] [main/INFO] [cpw.mods.modlauncher.Launcher/MODLAUNCHER]: ModLauncher 11.0.4+main.d2e20e43 starting: java version 21.0.2 by Oracle Corporation; OS Windows 10 arch amd64 version 10.0
[1711月2024 13:10:16.854] [main/INFO] [net.neoforged.fml.loading.ImmediateWindowHandler/]: Loading ImmediateWindowProvider fmlearlywindow
[1711月2024 13:10:17.001] [main/INFO] [EARLYDISPLAY/]: Trying GL version 4.6
[1711月2024 13:10:17.074] [main/INFO] [EARLYDISPLAY/]: Requested GL version 4.6 got version 4.6
[1711月2024 13:10:17.197] [main/INFO] [mixin/]: SpongePowered MIXIN Subsystem Version=0.8.6 Source=union:/E:/.gradle/caches/modules-2/files-2.1/net.fabricmc/sponge-mixin/0.14.0+mixin.0.8.6/c265173c84346e9e5d42a2384b2b02bd39a4a899/sponge-mixin-0.14.0+mixin.0.8.6.jar%23136!/ Service=ModLauncher Env=CLIENT
[1711月2024 13:10:17.406] [pool-2-thread-1/INFO] [EARLYDISPLAY/]: GL info: Intel(R) HD Graphics 630 GL version 4.6.0 - Build 31.0.101.2121, Intel
[1711月2024 13:10:17.470] [main/INFO] [net.neoforged.fml.loading.moddiscovery.ModDiscoverer/SCAN]: Found mod file "neoforge-21.0.164.jar" [locator: neoforge devenv provider ([D:\MinecraftNeoForgeMod\SimpleClientModules\.gradle\repositories\ng_dummy_ng\net\neoforged\neoforge\21.0.164\neoforge-21.0.164.jar])]
[1711月2024 13:10:17.493] [main/INFO] [net.neoforged.fml.loading.moddiscovery.ModDiscoverer/SCAN]: Found mod file "neoforge-21.0.164.jar" [locator: neoforge devenv provider ([D:\MinecraftNeoForgeMod\SimpleClientModules\.gradle\repositories\ng_dummy_ng\net\neoforged\neoforge\21.0.164\neoforge-21.0.164.jar])]
[1711月2024 13:10:17.510] [main/INFO] [net.neoforged.fml.loading.moddiscovery.ModDiscoverer/SCAN]: Found mod file "main" [locator: userdev mods and services, reader: mod manifest]
[1711月2024 13:10:17.526] [main/INFO] [net.neoforged.fml.loading.moddiscovery.ModDiscoverer/SCAN]: Found mod file "neoforge-21.0.164.jar" [locator: userdev mods and services, reader: mod manifest]
[1711月2024 13:10:17.532] [main/INFO] [net.neoforged.fml.loading.moddiscovery.ModDiscoverer/SCAN]: Found mod file "scc-1.0.jar" [locator: userdev mods and services, reader: mod manifest]
[1711月2024 13:10:17.540] [main/INFO] [net.neoforged.fml.loading.moddiscovery.ModDiscoverer/SCAN]: Found mod file "simpleclientbase-1.2.1.jar" [locator: userdev mods and services, reader: mod manifest]
[1711月2024 13:10:17.692] [main/INFO] [net.neoforged.fml.loading.moddiscovery.ModDiscoverer/SCAN]: Found gamelibrary file "mixinextras-neoforge-0.3.5.jar" [locator: userdev mods and services, reader: mod manifest]
[1711月2024 13:10:17.851] [main/WARN] [net.neoforged.jarjar.selection.JarSelector/]: Attempted to select a dependency jar for JarJar which was passed in as source: mixinextras-neoforge-0.3.5.jar. Using Mod File: E:\.gradle\caches\modules-2\files-2.1\io.github.llamalad7\mixinextras-neoforge\0.3.5\ef3ffcf309dae656517b2f120189b1c9b21737dd\mixinextras-neoforge-0.3.5.jar
[1711月2024 13:10:17.851] [main/INFO] [net.neoforged.fml.loading.moddiscovery.locators.JarInJarDependencyLocator/]: No dependencies to load found. Skipping!
[1711月2024 13:10:18.108] [main/INFO] [net.neoforged.fml.loading.FMLServiceProvider/CORE]: Loading coremod script-engine for [neoforge]
[1711月2024 13:10:18.930] [main/INFO] [cpw.mods.modlauncher.LaunchServiceHandler/MODLAUNCHER]: Launching target 'forgeclientuserdev' with arguments [--version, 21.0.164, --gameDir, ., --assetsDir, E:\.gradle\caches\minecraft\assets, --assetIndex, asset-index]
[1711月2024 13:10:18.992] [main/WARN] [mixin/]: Reference map 'SimpleClientCommands.refmap.json' for scc.mixins.json could not be read. If this is a development environment you can ignore this message
[1711月2024 13:10:18.993] [main/WARN] [mixin/]: Reference map 'SimpleClientBase.refmap.json' for scb.mixins.json could not be read. If this is a development environment you can ignore this message
[1711月2024 13:10:18.994] [main/WARN] [mixin/]: Reference map 'scm.refmap.json' for scm.mixins.json could not be read. If this is a development environment you can ignore this message
[1711月2024 13:10:19.423] [main/INFO] [MixinExtras|Service/]: Initializing MixinExtras via com.llamalad7.mixinextras.service.MixinExtrasServiceImpl(version=0.3.5).
[1711月2024 13:10:21.427] [Datafixer Bootstrap/INFO] [com.mojang.datafixers.DataFixerBuilder/]: 229 Datafixer optimizations took 391 milliseconds
[1711月2024 13:10:27.671] [main/WARN] [net.minecraft.commands.Commands/]: Ambiguity between arguments [teleport, location] and [teleport, destination] with inputs: [0.1 -0.5 .9, 0 0 0]
[1711月2024 13:10:27.674] [main/WARN] [net.minecraft.commands.Commands/]: Ambiguity between arguments [teleport, location] and [teleport, targets] with inputs: [0.1 -0.5 .9, 0 0 0]
[1711月2024 13:10:27.678] [main/WARN] [net.minecraft.commands.Commands/]: Ambiguity between arguments [teleport, destination] and [teleport, targets] with inputs: [Player, 0123, @e, dd12be42-52a9-4a91-a8a1-11c01849e498]
[1711月2024 13:10:27.679] [main/WARN] [net.minecraft.commands.Commands/]: Ambiguity between arguments [teleport, targets] and [teleport, destination] with inputs: [Player, 0123, dd12be42-52a9-4a91-a8a1-11c01849e498]
[1711月2024 13:10:27.681] [main/WARN] [net.minecraft.commands.Commands/]: Ambiguity between arguments [teleport, targets, location] and [teleport, targets, destination] with inputs: [0.1 -0.5 .9, 0 0 0]
[1711月2024 13:10:27.902] [Render thread/WARN] [net.minecraft.server.packs.VanillaPackResourcesBuilder/]: Assets URL 'union:/D:/MinecraftNeoForgeMod/SimpleClientModules/.gradle/repositories/ng_dummy_ng/net/neoforged/neoforge/21.0.164/neoforge-21.0.164.jar%23189!/assets/.mcassetsroot' uses unexpected schema
[1711月2024 13:10:27.903] [Render thread/WARN] [net.minecraft.server.packs.VanillaPackResourcesBuilder/]: Assets URL 'union:/D:/MinecraftNeoForgeMod/SimpleClientModules/.gradle/repositories/ng_dummy_ng/net/neoforged/neoforge/21.0.164/neoforge-21.0.164.jar%23189!/data/.mcassetsroot' uses unexpected schema
[1711月2024 13:10:27.935] [Render thread/INFO] [com.mojang.authlib.yggdrasil.YggdrasilAuthenticationService/]: Environment: Environment[sessionHost=https://sessionserver.mojang.com, servicesHost=https://api.minecraftservices.com, name=PROD]
[1711月2024 13:10:27.948] [Render thread/INFO] [net.minecraft.client.Minecraft/]: Setting user: Dev
[1711月2024 13:10:28.078] [Render thread/INFO] [net.minecraft.client.Minecraft/]: Backend library: LWJGL version 3.3.3+5
[1711月2024 13:10:28.335] [modloading-worker-0/INFO] [net.neoforged.neoforge.common.NeoForgeMod/NEOFORGE-MOD]: NeoForge mod loading, version 21.0.164, for MC 1.21
[1711月2024 13:10:28.350] [modloading-worker-0/INFO] [cn.ksmcbrigade.scb.SimpleClientBase/]: Register the keys.
[1711月2024 13:10:28.460] [modloading-worker-0/INFO] [cn.ksmcbrigade.scb.SimpleClientBase/]: SimpleClientBase mod loaded!
[1711月2024 13:10:28.460] [modloading-worker-0/INFO] [cn.ksmcbrigade.scb.SimpleClientBase/]: Reloaded the HUD config.
[1711月2024 13:10:28.671] [modloading-worker-0/INFO] [cn.ksmcbrigade.scm.SimpleClientModules/]: SimpleClient modules loaded.
[1711月2024 13:10:29.364] [Render thread/INFO] [net.neoforged.neoforge.gametest.GameTestHooks/]: Enabled Gametest Namespaces: []
[1711月2024 13:10:29.606] [Render thread/INFO] [net.minecraft.server.packs.resources.ReloadableResourceManager/]: Reloading ResourceManager: vanilla, mod_resources, mod/scc, mod/scb, mod/neoforge, mod/scm
[1711月2024 13:10:29.761] [Worker-Main-1/INFO] [net.minecraft.client.gui.font.providers.UnihexProvider/]: Found unifont_all_no_pua-15.1.05.hex, loading
[1711月2024 13:10:30.049] [Worker-Main-6/INFO] [net.minecraft.client.gui.font.providers.UnihexProvider/]: Found unifont_jp_patch-15.1.05.hex, loading
[1711月2024 13:10:31.484] [Render thread/WARN] [net.minecraft.client.sounds.SoundEngine/]: Missing sound for event: minecraft:item.goat_horn.play
[1711月2024 13:10:31.485] [Render thread/WARN] [net.minecraft.client.sounds.SoundEngine/]: Missing sound for event: minecraft:entity.goat.screaming.horn_break
[1711月2024 13:10:31.614] [Render thread/INFO] [com.mojang.blaze3d.audio.Library/]: OpenAL initialized on device OpenAL Soft on 扬声器 (Realtek High Definition Audio)
[1711月2024 13:10:31.616] [Render thread/INFO] [net.minecraft.client.sounds.SoundEngine/SOUNDS]: Sound engine started
[1711月2024 13:10:31.852] [Render thread/INFO] [net.minecraft.client.renderer.texture.TextureAtlas/]: Created: 1024x512x4 minecraft:textures/atlas/blocks.png-atlas
[1711月2024 13:10:31.964] [Render thread/INFO] [net.minecraft.client.renderer.texture.TextureAtlas/]: Created: 256x256x4 minecraft:textures/atlas/signs.png-atlas
[1711月2024 13:10:31.966] [Render thread/INFO] [net.minecraft.client.renderer.texture.TextureAtlas/]: Created: 512x512x4 minecraft:textures/atlas/shield_patterns.png-atlas
[1711月2024 13:10:31.970] [Render thread/INFO] [net.minecraft.client.renderer.texture.TextureAtlas/]: Created: 512x512x4 minecraft:textures/atlas/banner_patterns.png-atlas
[1711月2024 13:10:31.975] [Render thread/INFO] [net.minecraft.client.renderer.texture.TextureAtlas/]: Created: 1024x1024x4 minecraft:textures/atlas/armor_trims.png-atlas
[1711月2024 13:10:32.014] [Render thread/INFO] [net.minecraft.client.renderer.texture.TextureAtlas/]: Created: 128x64x4 minecraft:textures/atlas/decorated_pot.png-atlas
[1711月2024 13:10:32.016] [Render thread/INFO] [net.minecraft.client.renderer.texture.TextureAtlas/]: Created: 256x256x4 minecraft:textures/atlas/chest.png-atlas
[1711月2024 13:10:32.018] [Render thread/INFO] [net.minecraft.client.renderer.texture.TextureAtlas/]: Created: 512x256x4 minecraft:textures/atlas/beds.png-atlas
[1711月2024 13:10:32.020] [Render thread/INFO] [net.minecraft.client.renderer.texture.TextureAtlas/]: Created: 512x256x4 minecraft:textures/atlas/shulker_boxes.png-atlas
[1711月2024 13:10:32.356] [Render thread/INFO] [net.minecraft.client.renderer.texture.TextureAtlas/]: Created: 512x256x0 minecraft:textures/atlas/particles.png-atlas
[1711月2024 13:10:32.377] [Render thread/INFO] [net.minecraft.client.renderer.texture.TextureAtlas/]: Created: 512x256x0 minecraft:textures/atlas/paintings.png-atlas
[1711月2024 13:10:32.381] [Render thread/INFO] [net.minecraft.client.renderer.texture.TextureAtlas/]: Created: 256x128x0 minecraft:textures/atlas/mob_effects.png-atlas
[1711月2024 13:10:32.383] [Render thread/INFO] [net.minecraft.client.renderer.texture.TextureAtlas/]: Created: 64x64x0 minecraft:textures/atlas/map_decorations.png-atlas
[1711月2024 13:10:32.386] [Render thread/INFO] [net.minecraft.client.renderer.texture.TextureAtlas/]: Created: 1024x512x0 minecraft:textures/atlas/gui.png-atlas
[1711月2024 13:10:32.757] [Render thread/WARN] [net.minecraft.client.renderer.ShaderInstance/]: Shader rendertype_entity_translucent_emissive could not find sampler named Sampler2 in the specified shader program.
[1711月2024 13:10:38.159] [Render thread/INFO] [net.minecraft.world.item.crafting.RecipeManager/]: Loaded 1290 recipes
[1711月2024 13:10:38.335] [Render thread/INFO] [net.minecraft.advancements.AdvancementTree/]: Loaded 1399 advancements
[1711月2024 13:10:38.931] [Server thread/INFO] [net.minecraft.client.server.IntegratedServer/]: Starting integrated minecraft server version 1.21
[1711月2024 13:10:38.931] [Server thread/INFO] [net.minecraft.server.MinecraftServer/]: Generating keypair
[1711月2024 13:10:40.604] [Server thread/INFO] [net.minecraft.server.MinecraftServer/]: Preparing start region for dimension minecraft:overworld
[1711月2024 13:10:40.932] [progressListener/INFO] [net.minecraft.server.level.progress.LoggerChunkProgressListener/]: Preparing spawn area: 0%
[1711月2024 13:10:41.122] [progressListener/INFO] [net.minecraft.server.level.progress.LoggerChunkProgressListener/]: Preparing spawn area: 57%
[1711月2024 13:10:41.328] [Server thread/INFO] [net.neoforged.neoforge.server.permission.PermissionAPI/]: Successfully initialized permission handler neoforge:default_handler
[1711月2024 13:10:41.343] [progressListener/INFO] [net.minecraft.server.level.progress.LoggerChunkProgressListener/]: Time elapsed: 728 ms
[1711月2024 13:10:41.411] [Server thread/INFO] [net.minecraft.client.server.IntegratedServer/]: Changing view distance to 12, from 10
[1711月2024 13:10:41.412] [Server thread/INFO] [net.minecraft.client.server.IntegratedServer/]: Changing simulation distance to 12, from 0
[1711月2024 13:10:42.309] [Server thread/INFO] [net.minecraft.server.players.PlayerList/]: Dev[local:E:a623d132] logged in with entity id 61 at (-371.2585007978265, 85.0, 174.16662293702205)
[1711月2024 13:10:42.380] [Server thread/INFO] [net.minecraft.server.MinecraftServer/]: Dev joined the game
[1711月2024 13:10:42.679] [Render thread/INFO] [net.minecraft.advancements.AdvancementTree/]: Loaded 153 advancements
[1711月2024 13:11:19.428] [Render thread/ERROR] [net.minecraft.client.Options/]: Error saving option Brightness: DataResult.Error['Value 300.0 outside of range [0.0:1.0]']
[1711月2024 13:11:57.391] [Render thread/ERROR] [net.minecraft.client.Options/]: Error saving option Brightness: DataResult.Error['Value 300.0 outside of range [0.0:1.0]']
[1711月2024 13:14:19.550] [Server thread/INFO] [net.minecraft.server.MinecraftServer/]: [Dev: Set the weather to rain & thunder]
[1711月2024 13:14:19.561] [Render thread/INFO] [net.minecraft.client.gui.components.ChatComponent/]: [System] [CHAT] Set the weather to rain & thunder
[1711月2024 13:14:34.115] [Server thread/INFO] [net.minecraft.server.MinecraftServer/]: [Dev: Set the weather to rain]
[1711月2024 13:14:34.125] [Render thread/INFO] [net.minecraft.client.gui.components.ChatComponent/]: [System] [CHAT] Set the weather to rain
[1711月2024 13:15:24.443] [Server thread/INFO] [net.minecraft.server.MinecraftServer/]: [Dev: Gave 1 [Obsidian] to Dev]
[1711月2024 13:15:24.458] [Render thread/INFO] [net.minecraft.client.gui.components.ChatComponent/]: [System] [CHAT] Gave 1 [Obsidian] to Dev
[1711月2024 13:15:27.866] [Server thread/INFO] [net.minecraft.server.MinecraftServer/]: Dev has made the advancement [Ice Bucket Challenge]
[1711月2024 13:15:27.866] [Server thread/INFO] [net.minecraft.server.MinecraftServer/]: [Dev: Gave 1 [Obsidian] to Dev]
[1711月2024 13:15:27.877] [Render thread/INFO] [net.minecraft.client.gui.components.ChatComponent/]: [System] [CHAT] Dev has made the advancement [Ice Bucket Challenge]
[1711月2024 13:15:27.878] [Render thread/INFO] [net.minecraft.client.gui.components.ChatComponent/]: [System] [CHAT] Gave 1 [Obsidian] to Dev
[1711月2024 13:15:27.908] [Render thread/INFO] [net.minecraft.advancements.AdvancementTree/]: Loaded 158 advancements
[1711月2024 13:15:55.960] [Server thread/INFO] [net.minecraft.server.MinecraftServer/]: [Dev: Gave 1 [Flint and Steel] to Dev]
[1711月2024 13:15:55.975] [Render thread/INFO] [net.minecraft.client.gui.components.ChatComponent/]: [System] [CHAT] Gave 1 [Flint and Steel] to Dev
[1711月2024 13:15:57.912] [Server thread/INFO] [net.minecraft.server.MinecraftServer/]: [Dev: Set own game mode to Survival Mode]
[1711月2024 13:15:57.923] [Render thread/INFO] [net.minecraft.client.gui.components.ChatComponent/]: [System] [CHAT] Set own game mode to Survival Mode
[1711月2024 13:17:37.852] [Server thread/INFO] [net.minecraft.server.MinecraftServer/]: [Dev: Set own game mode to Creative Mode]
[1711月2024 13:17:37.860] [Render thread/INFO] [net.minecraft.client.gui.components.ChatComponent/]: [System] [CHAT] Set own game mode to Creative Mode
[1711月2024 13:23:35.207] [Render thread/INFO] [net.minecraft.advancements.AdvancementTree/]: Loaded 158 advancements
[1711月2024 13:23:46.780] [Server thread/INFO] [net.minecraft.client.server.IntegratedServer/]: Saving and pausing game...
[1711月2024 13:23:46.840] [Server thread/INFO] [net.minecraft.server.MinecraftServer/]: Saving chunks for level 'ServerLevel[New World]'/minecraft:overworld
[1711月2024 13:23:46.988] [Server thread/INFO] [net.minecraft.server.MinecraftServer/]: Saving chunks for level 'ServerLevel[New World]'/minecraft:the_end
[1711月2024 13:23:47.196] [Server thread/INFO] [net.minecraft.server.MinecraftServer/]: Saving chunks for level 'ServerLevel[New World]'/minecraft:the_nether
[1711月2024 13:23:48.413] [Render thread/ERROR] [net.minecraft.client.Options/]: Error saving option Brightness: DataResult.Error['Value 300.0 outside of range [0.0:1.0]']
[1711月2024 13:25:14.474] [Render thread/ERROR] [net.minecraft.client.Options/]: Error saving option Brightness: DataResult.Error['Value 300.0 outside of range [0.0:1.0]']
[1711月2024 13:25:15.119] [Render thread/ERROR] [net.minecraft.client.Options/]: Error saving option Brightness: DataResult.Error['Value 300.0 outside of range [0.0:1.0]']
[1711月2024 13:25:16.011] [Server thread/INFO] [net.minecraft.server.network.ServerGamePacketListenerImpl/]: Dev lost connection: Disconnected
[1711月2024 13:25:16.011] [Server thread/INFO] [net.minecraft.server.MinecraftServer/]: Dev left the game
[1711月2024 13:25:16.115] [Server thread/INFO] [net.minecraft.server.network.ServerCommonPacketListenerImpl/]: Stopping singleplayer server as player logged out
[1711月2024 13:25:16.132] [Server thread/INFO] [net.minecraft.server.MinecraftServer/]: Stopping server
[1711月2024 13:25:16.132] [Server thread/INFO] [net.minecraft.server.MinecraftServer/]: Saving players
[1711月2024 13:25:16.133] [Server thread/INFO] [net.minecraft.server.MinecraftServer/]: Saving worlds
[1711月2024 13:25:18.462] [Server thread/INFO] [net.minecraft.server.MinecraftServer/]: Saving chunks for level 'ServerLevel[New World]'/minecraft:overworld
[1711月2024 13:25:19.372] [Server thread/INFO] [net.minecraft.server.MinecraftServer/]: Saving chunks for level 'ServerLevel[New World]'/minecraft:the_end
[1711月2024 13:25:19.426] [Server thread/INFO] [net.minecraft.server.MinecraftServer/]: Saving chunks for level 'ServerLevel[New World]'/minecraft:the_nether
[1711月2024 13:25:19.511] [Server thread/INFO] [net.minecraft.server.MinecraftServer/]: ThreadedAnvilChunkStorage (New World): All chunks are saved
[1711月2024 13:25:19.511] [Server thread/INFO] [net.minecraft.server.MinecraftServer/]: ThreadedAnvilChunkStorage (DIM1): All chunks are saved
[1711月2024 13:25:19.512] [Server thread/INFO] [net.minecraft.server.MinecraftServer/]: ThreadedAnvilChunkStorage (DIM-1): All chunks are saved
[1711月2024 13:25:19.512] [Server thread/INFO] [net.minecraft.server.MinecraftServer/]: ThreadedAnvilChunkStorage: All dimensions are saved
[1711月2024 13:29:39.142] [Render thread/INFO] [net.minecraft.client.Minecraft/]: Stopping!
